<?xml version="1.0" encoding="UTF-8"?>
<testng-results ignored="0" total="2" passed="1" failed="1" skipped="0">
  <reporter-output>
  </reporter-output>
  <suite started-at="2024-09-08T00:03:45 IST" name="Default suite" finished-at="2024-09-08T00:03:55 IST" duration-ms="10008">
    <groups>
    </groups>
    <test started-at="2024-09-08T00:03:45 IST" name="Default test" finished-at="2024-09-08T00:03:55 IST" duration-ms="10008">
      <class name="com.Iblesoft.TC_001LoginCheck">
        <test-method is-config="true" signature="launchbroswer()[pri:0, instance:com.Iblesoft.TC_001LoginCheck@b9b00e0]" started-at="2024-09-08T00:03:45 IST" name="launchbroswer" finished-at="2024-09-08T00:03:50 IST" duration-ms="4647" status="PASS">
          <reporter-output>
          </reporter-output>
        </test-method> <!-- launchbroswer -->
        <test-method signature="InvalidLoginTest()[pri:0, instance:com.Iblesoft.TC_001LoginCheck@b9b00e0]" started-at="2024-09-08T00:03:50 IST" name="InvalidLoginTest" finished-at="2024-09-08T00:03:50 IST" duration-ms="225" status="FAIL">
          <exception class="java.lang.AssertionError">
            <message>
              <![CDATA[Error message does not match. expected [Invalid Username Or Password] but found []]]>
            </message>
            <full-stacktrace>
              <![CDATA[java.lang.AssertionError: Error message does not match. expected [Invalid Username Or Password] but found []
at org.testng.Assert.fail(Assert.java:99)
at org.testng.Assert.failNotEquals(Assert.java:1037)
at org.testng.Assert.assertEqualsImpl(Assert.java:140)
at org.testng.Assert.assertEquals(Assert.java:122)
at org.testng.Assert.assertEquals(Assert.java:629)
at com.Iblesoft.TC_001LoginCheck.InvalidLoginTest(TC_001LoginCheck.java:45)
at java.base/jdk.internal.reflect.DirectMethodHandleAccessor.invoke(DirectMethodHandleAccessor.java:103)
at java.base/java.lang.reflect.Method.invoke(Method.java:580)
at org.testng.internal.MethodInvocationHelper.invokeMethod(MethodInvocationHelper.java:133)
at org.testng.internal.TestInvoker.invokeMethod(TestInvoker.java:598)
at org.testng.internal.TestInvoker.invokeTestMethod(TestInvoker.java:173)
at org.testng.internal.MethodRunner.runInSequence(MethodRunner.java:46)
at org.testng.internal.TestInvoker$MethodInvocationAgent.invoke(TestInvoker.java:824)
at org.testng.internal.TestInvoker.invokeTestMethods(TestInvoker.java:146)
at org.testng.internal.TestMethodWorker.invokeTestMethods(TestMethodWorker.java:146)
at org.testng.internal.TestMethodWorker.run(TestMethodWorker.java:128)
at java.base/java.util.ArrayList.forEach(ArrayList.java:1597)
at org.testng.TestRunner.privateRun(TestRunner.java:794)
at org.testng.TestRunner.run(TestRunner.java:596)
at org.testng.SuiteRunner.runTest(SuiteRunner.java:377)
at org.testng.SuiteRunner.runSequentially(SuiteRunner.java:371)
at org.testng.SuiteRunner.privateRun(SuiteRunner.java:332)
at org.testng.SuiteRunner.run(SuiteRunner.java:276)
at org.testng.SuiteRunnerWorker.runSuite(SuiteRunnerWorker.java:53)
at org.testng.SuiteRunnerWorker.run(SuiteRunnerWorker.java:96)
at org.testng.TestNG.runSuitesSequentially(TestNG.java:1212)
at org.testng.TestNG.runSuitesLocally(TestNG.java:1134)
at org.testng.TestNG.runSuites(TestNG.java:1063)
at org.testng.TestNG.run(TestNG.java:1031)
at org.testng.remote.AbstractRemoteTestNG.run(AbstractRemoteTestNG.java:115)
at org.testng.remote.RemoteTestNG.initAndRun(RemoteTestNG.java:293)
at org.testng.remote.RemoteTestNG.main(RemoteTestNG.java:91)
]]>
            </full-stacktrace>
          </exception> <!-- java.lang.AssertionError -->
          <reporter-output>
          </reporter-output>
        </test-method> <!-- InvalidLoginTest -->
        <test-method is-config="true" signature="closebrowser()[pri:0, instance:com.Iblesoft.TC_001LoginCheck@b9b00e0]" started-at="2024-09-08T00:03:50 IST" name="closebrowser" finished-at="2024-09-08T00:03:50 IST" duration-ms="2" status="PASS">
          <reporter-output>
          </reporter-output>
        </test-method> <!-- closebrowser -->
        <test-method is-config="true" signature="launchbroswer()[pri:0, instance:com.Iblesoft.TC_001LoginCheck@b9b00e0]" started-at="2024-09-08T00:03:50 IST" name="launchbroswer" finished-at="2024-09-08T00:03:55 IST" duration-ms="4914" status="PASS">
          <reporter-output>
          </reporter-output>
        </test-method> <!-- launchbroswer -->
        <test-method signature="ValidLoginTest()[pri:0, instance:com.Iblesoft.TC_001LoginCheck@b9b00e0]" started-at="2024-09-08T00:03:55 IST" name="ValidLoginTest" finished-at="2024-09-08T00:03:55 IST" duration-ms="180" status="PASS">
          <reporter-output>
          </reporter-output>
        </test-method> <!-- ValidLoginTest -->
        <test-method is-config="true" signature="closebrowser()[pri:0, instance:com.Iblesoft.TC_001LoginCheck@b9b00e0]" started-at="2024-09-08T00:03:55 IST" name="closebrowser" finished-at="2024-09-08T00:03:55 IST" duration-ms="6" status="PASS">
          <reporter-output>
          </reporter-output>
        </test-method> <!-- closebrowser -->
      </class> <!-- com.Iblesoft.TC_001LoginCheck -->
    </test> <!-- Default test -->
  </suite> <!-- Default suite -->
</testng-results>
